============================= test session starts ==============================
platform linux -- Python 3.12.13, pytest-9.1.1, pluggy-1.6.0 -- /home/nihal/miniconda3/envs/royl/bin/python
cachedir: .pytest_cache
rootdir: /home/nihal/Desktop
plugins: hydra-core-1.3.4, anyio-4.14.2
collecting ... collected 1 item

test_benchmark.py::test_benchmark_produces_well_formed_results PASSED    [100%]

=============================== warnings summary ===============================
../miniconda3/envs/royl/lib/python3.12/site-packages/torch/jit/_script.py:1488: 43 warnings
  /home/nihal/miniconda3/envs/royl/lib/python3.12/site-packages/torch/jit/_script.py:1488: DeprecationWarning: `torch.jit.script` is deprecated. Please switch to `torch.compile` or `torch.export`.
    warnings.warn(

-- Docs: https://docs.pytest.org/en/stable/how-to/capture-warnings.html
======================== 1 passed, 43 warnings in 7.00s ========================
